Terminals unused in grammar

   T_ROT
   T_HOM


State 71 conflicts: 29 reduce/reduce


Grammar

    0 $accept: s $end

    1 s: s e FIN_EXPR
    2  | s en FIN_EXPR
    3  | s T_PRINT FIN_EXPR
    4  | s T_DRAW '(' e ')' FIN_EXPR
    5  | %empty

    6 en: T_LET T_ID T_EQUAL e

    7 e: e T_MINUS e
    8  | T_NUM
    9  | T_MINUS e
   10  | T_POP e
   11  | T_NEXT e
   12  | '{' e ',' e '}'
   13  | T_BEZIER '(' e ',' e ',' e ',' e ')'
   14  | T_CIRCLE '(' e ',' e ')'
   15  | T_TRANS '(' e ',' e ')'
   16  | e T_PATH e
   17  | e T_PLUS e
   18  | e T_DIV e
   19  | e T_MULT e
   20  | e T_LEQ e
   21  | e T_LE e
   22  | e T_GEQ e
   23  | e T_GE e
   24  | e T_OR e
   25  | e T_AND e
   26  | T_ID
   27  | e T_EQ e
   28  | T_NOT e
   29  | T_FUN T_ID arg_list
   30  | T_LET T_ID T_EQUAL e T_IN e
   31  | e T_WHERE T_ID T_EQUAL e
   32  | T_IF e T_THEN e T_ELSE e
   33  | '[' list ']'
   34  | e T_PUSH e
   35  | e e
   36  | '(' e ')'

   37 arg_list: T_ARROW e
   38         | T_ID arg_list

   39 list: e
   40     | e ',' list
   41     | %empty


Terminals, with rules where they appear

$end (0) 0
'(' (40) 4 13 14 15 36
')' (41) 4 13 14 15 36
',' (44) 12 13 14 15 40
'[' (91) 33
']' (93) 33
'{' (123) 12
'}' (125) 12
error (256)
T_NUM (258) 8
T_ID (259) 6 26 29 30 31 38
T_PRINT (260) 3
FIN_EXPR (261) 1 2 3 4
T_PLUS (262) 17
T_MINUS (263) 7 9
T_MULT (264) 19
T_DIV (265) 18
T_LEQ (266) 20
T_LE (267) 21
T_GEQ (268) 22
T_GE (269) 23
T_EQ (270) 27
T_OR (271) 24
T_AND (272) 25
T_NOT (273) 28
T_EQUAL (274) 6 30 31
T_IF (275) 32
T_ELSE (276) 32
T_THEN (277) 32
T_FUN (278) 29
T_ARROW (279) 37
T_LET (280) 6 30
T_IN (281) 30
T_WHERE (282) 31
T_NEXT (283) 11
T_POP (284) 10
T_PUSH (285) 34
T_PATH (286) 16
T_CIRCLE (287) 14
T_DRAW (288) 4
T_BEZIER (289) 13
T_TRANS (290) 15
T_ROT (291)
T_HOM (292)
FUNCTION_APPLICATION (293)


Nonterminals, with rules where they appear

$accept (46)
    on left: 0
s (47)
    on left: 1 2 3 4 5, on right: 0 1 2 3 4
en (48)
    on left: 6, on right: 2
e (49)
    on left: 7 8 9 10 11 12 13 14 15 16 17 18 19 20 21 22 23 24 25
    26 27 28 29 30 31 32 33 34 35 36, on right: 1 4 6 7 9 10 11 12
    13 14 15 16 17 18 19 20 21 22 23 24 25 27 28 30 31 32 34 35 36
    37 39 40
arg_list (50)
    on left: 37 38, on right: 29 38
list (51)
    on left: 39 40 41, on right: 33 40


State 0

    0 $accept: . s $end

    $default  reduce using rule 5 (s)

    s  go to state 1


State 1

    0 $accept: s . $end
    1 s: s . e FIN_EXPR
    2  | s . en FIN_EXPR
    3  | s . T_PRINT FIN_EXPR
    4  | s . T_DRAW '(' e ')' FIN_EXPR

    $end      shift, and go to state 2
    T_NUM     shift, and go to state 3
    T_ID      shift, and go to state 4
    T_PRINT   shift, and go to state 5
    T_MINUS   shift, and go to state 6
    T_NOT     shift, and go to state 7
    T_IF      shift, and go to state 8
    T_FUN     shift, and go to state 9
    T_LET     shift, and go to state 10
    T_NEXT    shift, and go to state 11
    T_POP     shift, and go to state 12
    T_CIRCLE  shift, and go to state 13
    T_DRAW    shift, and go to state 14
    T_BEZIER  shift, and go to state 15
    T_TRANS   shift, and go to state 16
    '{'       shift, and go to state 17
    '('       shift, and go to state 18
    '['       shift, and go to state 19

    en  go to state 20
    e   go to state 21


State 2

    0 $accept: s $end .

    $default  accept


State 3

    8 e: T_NUM .

    $default  reduce using rule 8 (e)


State 4

   26 e: T_ID .

    $default  reduce using rule 26 (e)


State 5

    3 s: s T_PRINT . FIN_EXPR

    FIN_EXPR  shift, and go to state 22


State 6

    9 e: T_MINUS . e

    T_NUM     shift, and go to state 3
    T_ID      shift, and go to state 4
    T_MINUS   shift, and go to state 6
    T_NOT     shift, and go to state 7
    T_IF      shift, and go to state 8
    T_FUN     shift, and go to state 9
    T_LET     shift, and go to state 23
    T_NEXT    shift, and go to state 11
    T_POP     shift, and go to state 12
    T_CIRCLE  shift, and go to state 13
    T_BEZIER  shift, and go to state 15
    T_TRANS   shift, and go to state 16
    '{'       shift, and go to state 17
    '('       shift, and go to state 18
    '['       shift, and go to state 19

    e  go to state 24


State 7

   28 e: T_NOT . e

    T_NUM     shift, and go to state 3
    T_ID      shift, and go to state 4
    T_MINUS   shift, and go to state 6
    T_NOT     shift, and go to state 7
    T_IF      shift, and go to state 8
    T_FUN     shift, and go to state 9
    T_LET     shift, and go to state 23
    T_NEXT    shift, and go to state 11
    T_POP     shift, and go to state 12
    T_CIRCLE  shift, and go to state 13
    T_BEZIER  shift, and go to state 15
    T_TRANS   shift, and go to state 16
    '{'       shift, and go to state 17
    '('       shift, and go to state 18
    '['       shift, and go to state 19

    e  go to state 25


State 8

   32 e: T_IF . e T_THEN e T_ELSE e

    T_NUM     shift, and go to state 3
    T_ID      shift, and go to state 4
    T_MINUS   shift, and go to state 6
    T_NOT     shift, and go to state 7
    T_IF      shift, and go to state 8
    T_FUN     shift, and go to state 9
    T_LET     shift, and go to state 23
    T_NEXT    shift, and go to state 11
    T_POP     shift, and go to state 12
    T_CIRCLE  shift, and go to state 13
    T_BEZIER  shift, and go to state 15
    T_TRANS   shift, and go to state 16
    '{'       shift, and go to state 17
    '('       shift, and go to state 18
    '['       shift, and go to state 19

    e  go to state 26


State 9

   29 e: T_FUN . T_ID arg_list

    T_ID  shift, and go to state 27


State 10

    6 en: T_LET . T_ID T_EQUAL e
   30 e: T_LET . T_ID T_EQUAL e T_IN e

    T_ID  shift, and go to state 28


State 11

   11 e: T_NEXT . e

    T_NUM     shift, and go to state 3
    T_ID      shift, and go to state 4
    T_MINUS   shift, and go to state 6
    T_NOT     shift, and go to state 7
    T_IF      shift, and go to state 8
    T_FUN     shift, and go to state 9
    T_LET     shift, and go to state 23
    T_NEXT    shift, and go to state 11
    T_POP     shift, and go to state 12
    T_CIRCLE  shift, and go to state 13
    T_BEZIER  shift, and go to state 15
    T_TRANS   shift, and go to state 16
    '{'       shift, and go to state 17
    '('       shift, and go to state 18
    '['       shift, and go to state 19

    e  go to state 29


State 12

   10 e: T_POP . e

    T_NUM     shift, and go to state 3
    T_ID      shift, and go to state 4
    T_MINUS   shift, and go to state 6
    T_NOT     shift, and go to state 7
    T_IF      shift, and go to state 8
    T_FUN     shift, and go to state 9
    T_LET     shift, and go to state 23
    T_NEXT    shift, and go to state 11
    T_POP     shift, and go to state 12
    T_CIRCLE  shift, and go to state 13
    T_BEZIER  shift, and go to state 15
    T_TRANS   shift, and go to state 16
    '{'       shift, and go to state 17
    '('       shift, and go to state 18
    '['       shift, and go to state 19

    e  go to state 30


State 13

   14 e: T_CIRCLE . '(' e ',' e ')'

    '('  shift, and go to state 31


State 14

    4 s: s T_DRAW . '(' e ')' FIN_EXPR

    '('  shift, and go to state 32


State 15

   13 e: T_BEZIER . '(' e ',' e ',' e ',' e ')'

    '('  shift, and go to state 33


State 16

   15 e: T_TRANS . '(' e ',' e ')'

    '('  shift, and go to state 34


State 17

   12 e: '{' . e ',' e '}'

    T_NUM     shift, and go to state 3
    T_ID      shift, and go to state 4
    T_MINUS   shift, and go to state 6
    T_NOT     shift, and go to state 7
    T_IF      shift, and go to state 8
    T_FUN     shift, and go to state 9
    T_LET     shift, and go to state 23
    T_NEXT    shift, and go to state 11
    T_POP     shift, and go to state 12
    T_CIRCLE  shift, and go to state 13
    T_BEZIER  shift, and go to state 15
    T_TRANS   shift, and go to state 16
    '{'       shift, and go to state 17
    '('       shift, and go to state 18
    '['       shift, and go to state 19

    e  go to state 35


State 18

   36 e: '(' . e ')'

    T_NUM     shift, and go to state 3
    T_ID      shift, and go to state 4
    T_MINUS   shift, and go to state 6
    T_NOT     shift, and go to state 7
    T_IF      shift, and go to state 8
    T_FUN     shift, and go to state 9
    T_LET     shift, and go to state 23
    T_NEXT    shift, and go to state 11
    T_POP     shift, and go to state 12
    T_CIRCLE  shift, and go to state 13
    T_BEZIER  shift, and go to state 15
    T_TRANS   shift, and go to state 16
    '{'       shift, and go to state 17
    '('       shift, and go to state 18
    '['       shift, and go to state 19

    e  go to state 36


State 19

   33 e: '[' . list ']'

    T_NUM     shift, and go to state 3
    T_ID      shift, and go to state 4
    T_MINUS   shift, and go to state 6
    T_NOT     shift, and go to state 7
    T_IF      shift, and go to state 8
    T_FUN     shift, and go to state 9
    T_LET     shift, and go to state 23
    T_NEXT    shift, and go to state 11
    T_POP     shift, and go to state 12
    T_CIRCLE  shift, and go to state 13
    T_BEZIER  shift, and go to state 15
    T_TRANS   shift, and go to state 16
    '{'       shift, and go to state 17
    '('       shift, and go to state 18
    '['       shift, and go to state 19

    $default  reduce using rule 41 (list)

    e     go to state 37
    list  go to state 38


State 20

    2 s: s en . FIN_EXPR

    FIN_EXPR  shift, and go to state 39


State 21

    1 s: s e . FIN_EXPR
    7 e: e . T_MINUS e
   16  | e . T_PATH e
   17  | e . T_PLUS e
   18  | e . T_DIV e
   19  | e . T_MULT e
   20  | e . T_LEQ e
   21  | e . T_LE e
   22  | e . T_GEQ e
   23  | e . T_GE e
   24  | e . T_OR e
   25  | e . T_AND e
   27  | e . T_EQ e
   31  | e . T_WHERE T_ID T_EQUAL e
   34  | e . T_PUSH e
   35  | e . e

    T_NUM     shift, and go to state 3
    T_ID      shift, and go to state 4
    FIN_EXPR  shift, and go to state 40
    T_PLUS    shift, and go to state 41
    T_MINUS   shift, and go to state 42
    T_MULT    shift, and go to state 43
    T_DIV     shift, and go to state 44
    T_LEQ     shift, and go to state 45
    T_LE      shift, and go to state 46
    T_GEQ     shift, and go to state 47
    T_GE      shift, and go to state 48
    T_EQ      shift, and go to state 49
    T_OR      shift, and go to state 50
    T_AND     shift, and go to state 51
    T_NOT     shift, and go to state 7
    T_IF      shift, and go to state 8
    T_FUN     shift, and go to state 9
    T_LET     shift, and go to state 23
    T_WHERE   shift, and go to state 52
    T_NEXT    shift, and go to state 11
    T_POP     shift, and go to state 12
    T_PUSH    shift, and go to state 53
    T_PATH    shift, and go to state 54
    T_CIRCLE  shift, and go to state 13
    T_BEZIER  shift, and go to state 15
    T_TRANS   shift, and go to state 16
    '{'       shift, and go to state 17
    '('       shift, and go to state 18
    '['       shift, and go to state 19

    e  go to state 55


State 22

    3 s: s T_PRINT FIN_EXPR .

    $default  reduce using rule 3 (s)


State 23

   30 e: T_LET . T_ID T_EQUAL e T_IN e

    T_ID  shift, and go to state 56


State 24

    7 e: e . T_MINUS e
    9  | T_MINUS e .
   16  | e . T_PATH e
   17  | e . T_PLUS e
   18  | e . T_DIV e
   19  | e . T_MULT e
   20  | e . T_LEQ e
   21  | e . T_LE e
   22  | e . T_GEQ e
   23  | e . T_GE e
   24  | e . T_OR e
   25  | e . T_AND e
   27  | e . T_EQ e
   31  | e . T_WHERE T_ID T_EQUAL e
   34  | e . T_PUSH e
   35  | e . e

    T_NUM   shift, and go to state 3
    T_ID    shift, and go to state 4
    T_MULT  shift, and go to state 43
    T_DIV   shift, and go to state 44
    '{'     shift, and go to state 17
    '('     shift, and go to state 18
    '['     shift, and go to state 19

    $default  reduce using rule 9 (e)

    e  go to state 55


State 25

    7 e: e . T_MINUS e
   16  | e . T_PATH e
   17  | e . T_PLUS e
   18  | e . T_DIV e
   19  | e . T_MULT e
   20  | e . T_LEQ e
   21  | e . T_LE e
   22  | e . T_GEQ e
   23  | e . T_GE e
   24  | e . T_OR e
   25  | e . T_AND e
   27  | e . T_EQ e
   28  | T_NOT e .
   31  | e . T_WHERE T_ID T_EQUAL e
   34  | e . T_PUSH e
   35  | e . e

    T_NUM    shift, and go to state 3
    T_ID     shift, and go to state 4
    T_PLUS   shift, and go to state 41
    T_MINUS  shift, and go to state 42
    T_MULT   shift, and go to state 43
    T_DIV    shift, and go to state 44
    '{'      shift, and go to state 17
    '('      shift, and go to state 18
    '['      shift, and go to state 19

    T_NOT   error (nonassociative)
    T_NEXT  error (nonassociative)
    T_POP   error (nonassociative)

    $default  reduce using rule 28 (e)

    e  go to state 55


State 26

    7 e: e . T_MINUS e
   16  | e . T_PATH e
   17  | e . T_PLUS e
   18  | e . T_DIV e
   19  | e . T_MULT e
   20  | e . T_LEQ e
   21  | e . T_LE e
   22  | e . T_GEQ e
   23  | e . T_GE e
   24  | e . T_OR e
   25  | e . T_AND e
   27  | e . T_EQ e
   31  | e . T_WHERE T_ID T_EQUAL e
   32  | T_IF e . T_THEN e T_ELSE e
   34  | e . T_PUSH e
   35  | e . e

    T_NUM     shift, and go to state 3
    T_ID      shift, and go to state 4
    T_PLUS    shift, and go to state 41
    T_MINUS   shift, and go to state 42
    T_MULT    shift, and go to state 43
    T_DIV     shift, and go to state 44
    T_LEQ     shift, and go to state 45
    T_LE      shift, and go to state 46
    T_GEQ     shift, and go to state 47
    T_GE      shift, and go to state 48
    T_EQ      shift, and go to state 49
    T_OR      shift, and go to state 50
    T_AND     shift, and go to state 51
    T_NOT     shift, and go to state 7
    T_IF      shift, and go to state 8
    T_THEN    shift, and go to state 57
    T_FUN     shift, and go to state 9
    T_LET     shift, and go to state 23
    T_WHERE   shift, and go to state 52
    T_NEXT    shift, and go to state 11
    T_POP     shift, and go to state 12
    T_PUSH    shift, and go to state 53
    T_PATH    shift, and go to state 54
    T_CIRCLE  shift, and go to state 13
    T_BEZIER  shift, and go to state 15
    T_TRANS   shift, and go to state 16
    '{'       shift, and go to state 17
    '('       shift, and go to state 18
    '['       shift, and go to state 19

    e  go to state 55


State 27

   29 e: T_FUN T_ID . arg_list

    T_ID     shift, and go to state 58
    T_ARROW  shift, and go to state 59

    arg_list  go to state 60


State 28

    6 en: T_LET T_ID . T_EQUAL e
   30 e: T_LET T_ID . T_EQUAL e T_IN e

    T_EQUAL  shift, and go to state 61


State 29

    7 e: e . T_MINUS e
   11  | T_NEXT e .
   16  | e . T_PATH e
   17  | e . T_PLUS e
   18  | e . T_DIV e
   19  | e . T_MULT e
   20  | e . T_LEQ e
   21  | e . T_LE e
   22  | e . T_GEQ e
   23  | e . T_GE e
   24  | e . T_OR e
   25  | e . T_AND e
   27  | e . T_EQ e
   31  | e . T_WHERE T_ID T_EQUAL e
   34  | e . T_PUSH e
   35  | e . e

    T_NUM    shift, and go to state 3
    T_ID     shift, and go to state 4
    T_PLUS   shift, and go to state 41
    T_MINUS  shift, and go to state 42
    T_MULT   shift, and go to state 43
    T_DIV    shift, and go to state 44
    '{'      shift, and go to state 17
    '('      shift, and go to state 18
    '['      shift, and go to state 19

    T_NOT   error (nonassociative)
    T_NEXT  error (nonassociative)
    T_POP   error (nonassociative)

    $default  reduce using rule 11 (e)

    e  go to state 55


State 30

    7 e: e . T_MINUS e
   10  | T_POP e .
   16  | e . T_PATH e
   17  | e . T_PLUS e
   18  | e . T_DIV e
   19  | e . T_MULT e
   20  | e . T_LEQ e
   21  | e . T_LE e
   22  | e . T_GEQ e
   23  | e . T_GE e
   24  | e . T_OR e
   25  | e . T_AND e
   27  | e . T_EQ e
   31  | e . T_WHERE T_ID T_EQUAL e
   34  | e . T_PUSH e
   35  | e . e

    T_NUM    shift, and go to state 3
    T_ID     shift, and go to state 4
    T_PLUS   shift, and go to state 41
    T_MINUS  shift, and go to state 42
    T_MULT   shift, and go to state 43
    T_DIV    shift, and go to state 44
    '{'      shift, and go to state 17
    '('      shift, and go to state 18
    '['      shift, and go to state 19

    T_NOT   error (nonassociative)
    T_NEXT  error (nonassociative)
    T_POP   error (nonassociative)

    $default  reduce using rule 10 (e)

    e  go to state 55


State 31

   14 e: T_CIRCLE '(' . e ',' e ')'

    T_NUM     shift, and go to state 3
    T_ID      shift, and go to state 4
    T_MINUS   shift, and go to state 6
    T_NOT     shift, and go to state 7
    T_IF      shift, and go to state 8
    T_FUN     shift, and go to state 9
    T_LET     shift, and go to state 23
    T_NEXT    shift, and go to state 11
    T_POP     shift, and go to state 12
    T_CIRCLE  shift, and go to state 13
    T_BEZIER  shift, and go to state 15
    T_TRANS   shift, and go to state 16
    '{'       shift, and go to state 17
    '('       shift, and go to state 18
    '['       shift, and go to state 19

    e  go to state 62


State 32

    4 s: s T_DRAW '(' . e ')' FIN_EXPR

    T_NUM     shift, and go to state 3
    T_ID      shift, and go to state 4
    T_MINUS   shift, and go to state 6
    T_NOT     shift, and go to state 7
    T_IF      shift, and go to state 8
    T_FUN     shift, and go to state 9
    T_LET     shift, and go to state 23
    T_NEXT    shift, and go to state 11
    T_POP     shift, and go to state 12
    T_CIRCLE  shift, and go to state 13
    T_BEZIER  shift, and go to state 15
    T_TRANS   shift, and go to state 16
    '{'       shift, and go to state 17
    '('       shift, and go to state 18
    '['       shift, and go to state 19

    e  go to state 63


State 33

   13 e: T_BEZIER '(' . e ',' e ',' e ',' e ')'

    T_NUM     shift, and go to state 3
    T_ID      shift, and go to state 4
    T_MINUS   shift, and go to state 6
    T_NOT     shift, and go to state 7
    T_IF      shift, and go to state 8
    T_FUN     shift, and go to state 9
    T_LET     shift, and go to state 23
    T_NEXT    shift, and go to state 11
    T_POP     shift, and go to state 12
    T_CIRCLE  shift, and go to state 13
    T_BEZIER  shift, and go to state 15
    T_TRANS   shift, and go to state 16
    '{'       shift, and go to state 17
    '('       shift, and go to state 18
    '['       shift, and go to state 19

    e  go to state 64


State 34

   15 e: T_TRANS '(' . e ',' e ')'

    T_NUM     shift, and go to state 3
    T_ID      shift, and go to state 4
    T_MINUS   shift, and go to state 6
    T_NOT     shift, and go to state 7
    T_IF      shift, and go to state 8
    T_FUN     shift, and go to state 9
    T_LET     shift, and go to state 23
    T_NEXT    shift, and go to state 11
    T_POP     shift, and go to state 12
    T_CIRCLE  shift, and go to state 13
    T_BEZIER  shift, and go to state 15
    T_TRANS   shift, and go to state 16
    '{'       shift, and go to state 17
    '('       shift, and go to state 18
    '['       shift, and go to state 19

    e  go to state 65


State 35

    7 e: e . T_MINUS e
   12  | '{' e . ',' e '}'
   16  | e . T_PATH e
   17  | e . T_PLUS e
   18  | e . T_DIV e
   19  | e . T_MULT e
   20  | e . T_LEQ e
   21  | e . T_LE e
   22  | e . T_GEQ e
   23  | e . T_GE e
   24  | e . T_OR e
   25  | e . T_AND e
   27  | e . T_EQ e
   31  | e . T_WHERE T_ID T_EQUAL e
   34  | e . T_PUSH e
   35  | e . e

    T_NUM     shift, and go to state 3
    T_ID      shift, and go to state 4
    T_PLUS    shift, and go to state 41
    T_MINUS   shift, and go to state 42
    T_MULT    shift, and go to state 43
    T_DIV     shift, and go to state 44
    T_LEQ     shift, and go to state 45
    T_LE      shift, and go to state 46
    T_GEQ     shift, and go to state 47
    T_GE      shift, and go to state 48
    T_EQ      shift, and go to state 49
    T_OR      shift, and go to state 50
    T_AND     shift, and go to state 51
    T_NOT     shift, and go to state 7
    T_IF      shift, and go to state 8
    T_FUN     shift, and go to state 9
    T_LET     shift, and go to state 23
    T_WHERE   shift, and go to state 52
    T_NEXT    shift, and go to state 11
    T_POP     shift, and go to state 12
    T_PUSH    shift, and go to state 53
    T_PATH    shift, and go to state 54
    T_CIRCLE  shift, and go to state 13
    T_BEZIER  shift, and go to state 15
    T_TRANS   shift, and go to state 16
    '{'       shift, and go to state 17
    '('       shift, and go to state 18
    '['       shift, and go to state 19
    ','       shift, and go to state 66

    e  go to state 55


State 36

    7 e: e . T_MINUS e
   16  | e . T_PATH e
   17  | e . T_PLUS e
   18  | e . T_DIV e
   19  | e . T_MULT e
   20  | e . T_LEQ e
   21  | e . T_LE e
   22  | e . T_GEQ e
   23  | e . T_GE e
   24  | e . T_OR e
   25  | e . T_AND e
   27  | e . T_EQ e
   31  | e . T_WHERE T_ID T_EQUAL e
   34  | e . T_PUSH e
   35  | e . e
   36  | '(' e . ')'

    T_NUM     shift, and go to state 3
    T_ID      shift, and go to state 4
    T_PLUS    shift, and go to state 41
    T_MINUS   shift, and go to state 42
    T_MULT    shift, and go to state 43
    T_DIV     shift, and go to state 44
    T_LEQ     shift, and go to state 45
    T_LE      shift, and go to state 46
    T_GEQ     shift, and go to state 47
    T_GE      shift, and go to state 48
    T_EQ      shift, and go to state 49
    T_OR      shift, and go to state 50
    T_AND     shift, and go to state 51
    T_NOT     shift, and go to state 7
    T_IF      shift, and go to state 8
    T_FUN     shift, and go to state 9
    T_LET     shift, and go to state 23
    T_WHERE   shift, and go to state 52
    T_NEXT    shift, and go to state 11
    T_POP     shift, and go to state 12
    T_PUSH    shift, and go to state 53
    T_PATH    shift, and go to state 54
    T_CIRCLE  shift, and go to state 13
    T_BEZIER  shift, and go to state 15
    T_TRANS   shift, and go to state 16
    '{'       shift, and go to state 17
    '('       shift, and go to state 18
    '['       shift, and go to state 19
    ')'       shift, and go to state 67

    e  go to state 55


State 37

    7 e: e . T_MINUS e
   16  | e . T_PATH e
   17  | e . T_PLUS e
   18  | e . T_DIV e
   19  | e . T_MULT e
   20  | e . T_LEQ e
   21  | e . T_LE e
   22  | e . T_GEQ e
   23  | e . T_GE e
   24  | e . T_OR e
   25  | e . T_AND e
   27  | e . T_EQ e
   31  | e . T_WHERE T_ID T_EQUAL e
   34  | e . T_PUSH e
   35  | e . e
   39 list: e .
   40     | e . ',' list

    T_NUM     shift, and go to state 3
    T_ID      shift, and go to state 4
    T_PLUS    shift, and go to state 41
    T_MINUS   shift, and go to state 42
    T_MULT    shift, and go to state 43
    T_DIV     shift, and go to state 44
    T_LEQ     shift, and go to state 45
    T_LE      shift, and go to state 46
    T_GEQ     shift, and go to state 47
    T_GE      shift, and go to state 48
    T_EQ      shift, and go to state 49
    T_OR      shift, and go to state 50
    T_AND     shift, and go to state 51
    T_NOT     shift, and go to state 7
    T_IF      shift, and go to state 8
    T_FUN     shift, and go to state 9
    T_LET     shift, and go to state 23
    T_WHERE   shift, and go to state 52
    T_NEXT    shift, and go to state 11
    T_POP     shift, and go to state 12
    T_PUSH    shift, and go to state 53
    T_PATH    shift, and go to state 54
    T_CIRCLE  shift, and go to state 13
    T_BEZIER  shift, and go to state 15
    T_TRANS   shift, and go to state 16
    '{'       shift, and go to state 17
    '('       shift, and go to state 18
    '['       shift, and go to state 19
    ','       shift, and go to state 68

    $default  reduce using rule 39 (list)

    e  go to state 55


State 38

   33 e: '[' list . ']'

    ']'  shift, and go to state 69


State 39

    2 s: s en FIN_EXPR .

    $default  reduce using rule 2 (s)


State 40

    1 s: s e FIN_EXPR .

    $default  reduce using rule 1 (s)


State 41

   17 e: e T_PLUS . e

    T_NUM     shift, and go to state 3
    T_ID      shift, and go to state 4
    T_MINUS   shift, and go to state 6
    T_NOT     shift, and go to state 7
    T_IF      shift, and go to state 8
    T_FUN     shift, and go to state 9
    T_LET     shift, and go to state 23
    T_NEXT    shift, and go to state 11
    T_POP     shift, and go to state 12
    T_CIRCLE  shift, and go to state 13
    T_BEZIER  shift, and go to state 15
    T_TRANS   shift, and go to state 16
    '{'       shift, and go to state 17
    '('       shift, and go to state 18
    '['       shift, and go to state 19

    e  go to state 70


State 42

    7 e: e T_MINUS . e
    9  | T_MINUS . e

    T_NUM     shift, and go to state 3
    T_ID      shift, and go to state 4
    T_MINUS   shift, and go to state 6
    T_NOT     shift, and go to state 7
    T_IF      shift, and go to state 8
    T_FUN     shift, and go to state 9
    T_LET     shift, and go to state 23
    T_NEXT    shift, and go to state 11
    T_POP     shift, and go to state 12
    T_CIRCLE  shift, and go to state 13
    T_BEZIER  shift, and go to state 15
    T_TRANS   shift, and go to state 16
    '{'       shift, and go to state 17
    '('       shift, and go to state 18
    '['       shift, and go to state 19

    e  go to state 71


State 43

   19 e: e T_MULT . e

    T_NUM     shift, and go to state 3
    T_ID      shift, and go to state 4
    T_MINUS   shift, and go to state 6
    T_NOT     shift, and go to state 7
    T_IF      shift, and go to state 8
    T_FUN     shift, and go to state 9
    T_LET     shift, and go to state 23
    T_NEXT    shift, and go to state 11
    T_POP     shift, and go to state 12
    T_CIRCLE  shift, and go to state 13
    T_BEZIER  shift, and go to state 15
    T_TRANS   shift, and go to state 16
    '{'       shift, and go to state 17
    '('       shift, and go to state 18
    '['       shift, and go to state 19

    e  go to state 72


State 44

   18 e: e T_DIV . e

    T_NUM     shift, and go to state 3
    T_ID      shift, and go to state 4
    T_MINUS   shift, and go to state 6
    T_NOT     shift, and go to state 7
    T_IF      shift, and go to state 8
    T_FUN     shift, and go to state 9
    T_LET     shift, and go to state 23
    T_NEXT    shift, and go to state 11
    T_POP     shift, and go to state 12
    T_CIRCLE  shift, and go to state 13
    T_BEZIER  shift, and go to state 15
    T_TRANS   shift, and go to state 16
    '{'       shift, and go to state 17
    '('       shift, and go to state 18
    '['       shift, and go to state 19

    e  go to state 73


State 45

   20 e: e T_LEQ . e

    T_NUM     shift, and go to state 3
    T_ID      shift, and go to state 4
    T_MINUS   shift, and go to state 6
    T_NOT     shift, and go to state 7
    T_IF      shift, and go to state 8
    T_FUN     shift, and go to state 9
    T_LET     shift, and go to state 23
    T_NEXT    shift, and go to state 11
    T_POP     shift, and go to state 12
    T_CIRCLE  shift, and go to state 13
    T_BEZIER  shift, and go to state 15
    T_TRANS   shift, and go to state 16
    '{'       shift, and go to state 17
    '('       shift, and go to state 18
    '['       shift, and go to state 19

    e  go to state 74


State 46

   21 e: e T_LE . e

    T_NUM     shift, and go to state 3
    T_ID      shift, and go to state 4
    T_MINUS   shift, and go to state 6
    T_NOT     shift, and go to state 7
    T_IF      shift, and go to state 8
    T_FUN     shift, and go to state 9
    T_LET     shift, and go to state 23
    T_NEXT    shift, and go to state 11
    T_POP     shift, and go to state 12
    T_CIRCLE  shift, and go to state 13
    T_BEZIER  shift, and go to state 15
    T_TRANS   shift, and go to state 16
    '{'       shift, and go to state 17
    '('       shift, and go to state 18
    '['       shift, and go to state 19

    e  go to state 75


State 47

   22 e: e T_GEQ . e

    T_NUM     shift, and go to state 3
    T_ID      shift, and go to state 4
    T_MINUS   shift, and go to state 6
    T_NOT     shift, and go to state 7
    T_IF      shift, and go to state 8
    T_FUN     shift, and go to state 9
    T_LET     shift, and go to state 23
    T_NEXT    shift, and go to state 11
    T_POP     shift, and go to state 12
    T_CIRCLE  shift, and go to state 13
    T_BEZIER  shift, and go to state 15
    T_TRANS   shift, and go to state 16
    '{'       shift, and go to state 17
    '('       shift, and go to state 18
    '['       shift, and go to state 19

    e  go to state 76


State 48

   23 e: e T_GE . e

    T_NUM     shift, and go to state 3
    T_ID      shift, and go to state 4
    T_MINUS   shift, and go to state 6
    T_NOT     shift, and go to state 7
    T_IF      shift, and go to state 8
    T_FUN     shift, and go to state 9
    T_LET     shift, and go to state 23
    T_NEXT    shift, and go to state 11
    T_POP     shift, and go to state 12
    T_CIRCLE  shift, and go to state 13
    T_BEZIER  shift, and go to state 15
    T_TRANS   shift, and go to state 16
    '{'       shift, and go to state 17
    '('       shift, and go to state 18
    '['       shift, and go to state 19

    e  go to state 77


State 49

   27 e: e T_EQ . e

    T_NUM     shift, and go to state 3
    T_ID      shift, and go to state 4
    T_MINUS   shift, and go to state 6
    T_NOT     shift, and go to state 7
    T_IF      shift, and go to state 8
    T_FUN     shift, and go to state 9
    T_LET     shift, and go to state 23
    T_NEXT    shift, and go to state 11
    T_POP     shift, and go to state 12
    T_CIRCLE  shift, and go to state 13
    T_BEZIER  shift, and go to state 15
    T_TRANS   shift, and go to state 16
    '{'       shift, and go to state 17
    '('       shift, and go to state 18
    '['       shift, and go to state 19

    e  go to state 78


State 50

   24 e: e T_OR . e

    T_NUM     shift, and go to state 3
    T_ID      shift, and go to state 4
    T_MINUS   shift, and go to state 6
    T_NOT     shift, and go to state 7
    T_IF      shift, and go to state 8
    T_FUN     shift, and go to state 9
    T_LET     shift, and go to state 23
    T_NEXT    shift, and go to state 11
    T_POP     shift, and go to state 12
    T_CIRCLE  shift, and go to state 13
    T_BEZIER  shift, and go to state 15
    T_TRANS   shift, and go to state 16
    '{'       shift, and go to state 17
    '('       shift, and go to state 18
    '['       shift, and go to state 19

    e  go to state 79


State 51

   25 e: e T_AND . e

    T_NUM     shift, and go to state 3
    T_ID      shift, and go to state 4
    T_MINUS   shift, and go to state 6
    T_NOT     shift, and go to state 7
    T_IF      shift, and go to state 8
    T_FUN     shift, and go to state 9
    T_LET     shift, and go to state 23
    T_NEXT    shift, and go to state 11
    T_POP     shift, and go to state 12
    T_CIRCLE  shift, and go to state 13
    T_BEZIER  shift, and go to state 15
    T_TRANS   shift, and go to state 16
    '{'       shift, and go to state 17
    '('       shift, and go to state 18
    '['       shift, and go to state 19

    e  go to state 80


State 52

   31 e: e T_WHERE . T_ID T_EQUAL e

    T_ID  shift, and go to state 81


State 53

   34 e: e T_PUSH . e

    T_NUM     shift, and go to state 3
    T_ID      shift, and go to state 4
    T_MINUS   shift, and go to state 6
    T_NOT     shift, and go to state 7
    T_IF      shift, and go to state 8
    T_FUN     shift, and go to state 9
    T_LET     shift, and go to state 23
    T_NEXT    shift, and go to state 11
    T_POP     shift, and go to state 12
    T_CIRCLE  shift, and go to state 13
    T_BEZIER  shift, and go to state 15
    T_TRANS   shift, and go to state 16
    '{'       shift, and go to state 17
    '('       shift, and go to state 18
    '['       shift, and go to state 19

    e  go to state 82


State 54

   16 e: e T_PATH . e

    T_NUM     shift, and go to state 3
    T_ID      shift, and go to state 4
    T_MINUS   shift, and go to state 6
    T_NOT     shift, and go to state 7
    T_IF      shift, and go to state 8
    T_FUN     shift, and go to state 9
    T_LET     shift, and go to state 23
    T_NEXT    shift, and go to state 11
    T_POP     shift, and go to state 12
    T_CIRCLE  shift, and go to state 13
    T_BEZIER  shift, and go to state 15
    T_TRANS   shift, and go to state 16
    '{'       shift, and go to state 17
    '('       shift, and go to state 18
    '['       shift, and go to state 19

    e  go to state 83


State 55

    7 e: e . T_MINUS e
   16  | e . T_PATH e
   17  | e . T_PLUS e
   18  | e . T_DIV e
   19  | e . T_MULT e
   20  | e . T_LEQ e
   21  | e . T_LE e
   22  | e . T_GEQ e
   23  | e . T_GE e
   24  | e . T_OR e
   25  | e . T_AND e
   27  | e . T_EQ e
   31  | e . T_WHERE T_ID T_EQUAL e
   34  | e . T_PUSH e
   35  | e . e
   35  | e e .

    $default  reduce using rule 35 (e)

    e  go to state 55


State 56

   30 e: T_LET T_ID . T_EQUAL e T_IN e

    T_EQUAL  shift, and go to state 84


State 57

   32 e: T_IF e T_THEN . e T_ELSE e

    T_NUM     shift, and go to state 3
    T_ID      shift, and go to state 4
    T_MINUS   shift, and go to state 6
    T_NOT     shift, and go to state 7
    T_IF      shift, and go to state 8
    T_FUN     shift, and go to state 9
    T_LET     shift, and go to state 23
    T_NEXT    shift, and go to state 11
    T_POP     shift, and go to state 12
    T_CIRCLE  shift, and go to state 13
    T_BEZIER  shift, and go to state 15
    T_TRANS   shift, and go to state 16
    '{'       shift, and go to state 17
    '('       shift, and go to state 18
    '['       shift, and go to state 19

    e  go to state 85


State 58

   38 arg_list: T_ID . arg_list

    T_ID     shift, and go to state 58
    T_ARROW  shift, and go to state 59

    arg_list  go to state 86


State 59

   37 arg_list: T_ARROW . e

    T_NUM     shift, and go to state 3
    T_ID      shift, and go to state 4
    T_MINUS   shift, and go to state 6
    T_NOT     shift, and go to state 7
    T_IF      shift, and go to state 8
    T_FUN     shift, and go to state 9
    T_LET     shift, and go to state 23
    T_NEXT    shift, and go to state 11
    T_POP     shift, and go to state 12
    T_CIRCLE  shift, and go to state 13
    T_BEZIER  shift, and go to state 15
    T_TRANS   shift, and go to state 16
    '{'       shift, and go to state 17
    '('       shift, and go to state 18
    '['       shift, and go to state 19

    e  go to state 87


State 60

   29 e: T_FUN T_ID arg_list .

    $default  reduce using rule 29 (e)


State 61

    6 en: T_LET T_ID T_EQUAL . e
   30 e: T_LET T_ID T_EQUAL . e T_IN e

    T_NUM     shift, and go to state 3
    T_ID      shift, and go to state 4
    T_MINUS   shift, and go to state 6
    T_NOT     shift, and go to state 7
    T_IF      shift, and go to state 8
    T_FUN     shift, and go to state 9
    T_LET     shift, and go to state 23
    T_NEXT    shift, and go to state 11
    T_POP     shift, and go to state 12
    T_CIRCLE  shift, and go to state 13
    T_BEZIER  shift, and go to state 15
    T_TRANS   shift, and go to state 16
    '{'       shift, and go to state 17
    '('       shift, and go to state 18
    '['       shift, and go to state 19

    e  go to state 88


State 62

    7 e: e . T_MINUS e
   14  | T_CIRCLE '(' e . ',' e ')'
   16  | e . T_PATH e
   17  | e . T_PLUS e
   18  | e . T_DIV e
   19  | e . T_MULT e
   20  | e . T_LEQ e
   21  | e . T_LE e
   22  | e . T_GEQ e
   23  | e . T_GE e
   24  | e . T_OR e
   25  | e . T_AND e
   27  | e . T_EQ e
   31  | e . T_WHERE T_ID T_EQUAL e
   34  | e . T_PUSH e
   35  | e . e

    T_NUM     shift, and go to state 3
    T_ID      shift, and go to state 4
    T_PLUS    shift, and go to state 41
    T_MINUS   shift, and go to state 42
    T_MULT    shift, and go to state 43
    T_DIV     shift, and go to state 44
    T_LEQ     shift, and go to state 45
    T_LE      shift, and go to state 46
    T_GEQ     shift, and go to state 47
    T_GE      shift, and go to state 48
    T_EQ      shift, and go to state 49
    T_OR      shift, and go to state 50
    T_AND     shift, and go to state 51
    T_NOT     shift, and go to state 7
    T_IF      shift, and go to state 8
    T_FUN     shift, and go to state 9
    T_LET     shift, and go to state 23
    T_WHERE   shift, and go to state 52
    T_NEXT    shift, and go to state 11
    T_POP     shift, and go to state 12
    T_PUSH    shift, and go to state 53
    T_PATH    shift, and go to state 54
    T_CIRCLE  shift, and go to state 13
    T_BEZIER  shift, and go to state 15
    T_TRANS   shift, and go to state 16
    '{'       shift, and go to state 17
    '('       shift, and go to state 18
    '['       shift, and go to state 19
    ','       shift, and go to state 89

    e  go to state 55


State 63

    4 s: s T_DRAW '(' e . ')' FIN_EXPR
    7 e: e . T_MINUS e
   16  | e . T_PATH e
   17  | e . T_PLUS e
   18  | e . T_DIV e
   19  | e . T_MULT e
   20  | e . T_LEQ e
   21  | e . T_LE e
   22  | e . T_GEQ e
   23  | e . T_GE e
   24  | e . T_OR e
   25  | e . T_AND e
   27  | e . T_EQ e
   31  | e . T_WHERE T_ID T_EQUAL e
   34  | e . T_PUSH e
   35  | e . e

    T_NUM     shift, and go to state 3
    T_ID      shift, and go to state 4
    T_PLUS    shift, and go to state 41
    T_MINUS   shift, and go to state 42
    T_MULT    shift, and go to state 43
    T_DIV     shift, and go to state 44
    T_LEQ     shift, and go to state 45
    T_LE      shift, and go to state 46
    T_GEQ     shift, and go to state 47
    T_GE      shift, and go to state 48
    T_EQ      shift, and go to state 49
    T_OR      shift, and go to state 50
    T_AND     shift, and go to state 51
    T_NOT     shift, and go to state 7
    T_IF      shift, and go to state 8
    T_FUN     shift, and go to state 9
    T_LET     shift, and go to state 23
    T_WHERE   shift, and go to state 52
    T_NEXT    shift, and go to state 11
    T_POP     shift, and go to state 12
    T_PUSH    shift, and go to state 53
    T_PATH    shift, and go to state 54
    T_CIRCLE  shift, and go to state 13
    T_BEZIER  shift, and go to state 15
    T_TRANS   shift, and go to state 16
    '{'       shift, and go to state 17
    '('       shift, and go to state 18
    '['       shift, and go to state 19
    ')'       shift, and go to state 90

    e  go to state 55


State 64

    7 e: e . T_MINUS e
   13  | T_BEZIER '(' e . ',' e ',' e ',' e ')'
   16  | e . T_PATH e
   17  | e . T_PLUS e
   18  | e . T_DIV e
   19  | e . T_MULT e
   20  | e . T_LEQ e
   21  | e . T_LE e
   22  | e . T_GEQ e
   23  | e . T_GE e
   24  | e . T_OR e
   25  | e . T_AND e
   27  | e . T_EQ e
   31  | e . T_WHERE T_ID T_EQUAL e
   34  | e . T_PUSH e
   35  | e . e

    T_NUM     shift, and go to state 3
    T_ID      shift, and go to state 4
    T_PLUS    shift, and go to state 41
    T_MINUS   shift, and go to state 42
    T_MULT    shift, and go to state 43
    T_DIV     shift, and go to state 44
    T_LEQ     shift, and go to state 45
    T_LE      shift, and go to state 46
    T_GEQ     shift, and go to state 47
    T_GE      shift, and go to state 48
    T_EQ      shift, and go to state 49
    T_OR      shift, and go to state 50
    T_AND     shift, and go to state 51
    T_NOT     shift, and go to state 7
    T_IF      shift, and go to state 8
    T_FUN     shift, and go to state 9
    T_LET     shift, and go to state 23
    T_WHERE   shift, and go to state 52
    T_NEXT    shift, and go to state 11
    T_POP     shift, and go to state 12
    T_PUSH    shift, and go to state 53
    T_PATH    shift, and go to state 54
    T_CIRCLE  shift, and go to state 13
    T_BEZIER  shift, and go to state 15
    T_TRANS   shift, and go to state 16
    '{'       shift, and go to state 17
    '('       shift, and go to state 18
    '['       shift, and go to state 19
    ','       shift, and go to state 91

    e  go to state 55


State 65

    7 e: e . T_MINUS e
   15  | T_TRANS '(' e . ',' e ')'
   16  | e . T_PATH e
   17  | e . T_PLUS e
   18  | e . T_DIV e
   19  | e . T_MULT e
   20  | e . T_LEQ e
   21  | e . T_LE e
   22  | e . T_GEQ e
   23  | e . T_GE e
   24  | e . T_OR e
   25  | e . T_AND e
   27  | e . T_EQ e
   31  | e . T_WHERE T_ID T_EQUAL e
   34  | e . T_PUSH e
   35  | e . e

    T_NUM     shift, and go to state 3
    T_ID      shift, and go to state 4
    T_PLUS    shift, and go to state 41
    T_MINUS   shift, and go to state 42
    T_MULT    shift, and go to state 43
    T_DIV     shift, and go to state 44
    T_LEQ     shift, and go to state 45
    T_LE      shift, and go to state 46
    T_GEQ     shift, and go to state 47
    T_GE      shift, and go to state 48
    T_EQ      shift, and go to state 49
    T_OR      shift, and go to state 50
    T_AND     shift, and go to state 51
    T_NOT     shift, and go to state 7
    T_IF      shift, and go to state 8
    T_FUN     shift, and go to state 9
    T_LET     shift, and go to state 23
    T_WHERE   shift, and go to state 52
    T_NEXT    shift, and go to state 11
    T_POP     shift, and go to state 12
    T_PUSH    shift, and go to state 53
    T_PATH    shift, and go to state 54
    T_CIRCLE  shift, and go to state 13
    T_BEZIER  shift, and go to state 15
    T_TRANS   shift, and go to state 16
    '{'       shift, and go to state 17
    '('       shift, and go to state 18
    '['       shift, and go to state 19
    ','       shift, and go to state 92

    e  go to state 55


State 66

   12 e: '{' e ',' . e '}'

    T_NUM     shift, and go to state 3
    T_ID      shift, and go to state 4
    T_MINUS   shift, and go to state 6
    T_NOT     shift, and go to state 7
    T_IF      shift, and go to state 8
    T_FUN     shift, and go to state 9
    T_LET     shift, and go to state 23
    T_NEXT    shift, and go to state 11
    T_POP     shift, and go to state 12
    T_CIRCLE  shift, and go to state 13
    T_BEZIER  shift, and go to state 15
    T_TRANS   shift, and go to state 16
    '{'       shift, and go to state 17
    '('       shift, and go to state 18
    '['       shift, and go to state 19

    e  go to state 93


State 67

   36 e: '(' e ')' .

    $default  reduce using rule 36 (e)


State 68

   40 list: e ',' . list

    T_NUM     shift, and go to state 3
    T_ID      shift, and go to state 4
    T_MINUS   shift, and go to state 6
    T_NOT     shift, and go to state 7
    T_IF      shift, and go to state 8
    T_FUN     shift, and go to state 9
    T_LET     shift, and go to state 23
    T_NEXT    shift, and go to state 11
    T_POP     shift, and go to state 12
    T_CIRCLE  shift, and go to state 13
    T_BEZIER  shift, and go to state 15
    T_TRANS   shift, and go to state 16
    '{'       shift, and go to state 17
    '('       shift, and go to state 18
    '['       shift, and go to state 19

    $default  reduce using rule 41 (list)

    e     go to state 37
    list  go to state 94


State 69

   33 e: '[' list ']' .

    $default  reduce using rule 33 (e)


State 70

    7 e: e . T_MINUS e
   16  | e . T_PATH e
   17  | e . T_PLUS e
   17  | e T_PLUS e .
   18  | e . T_DIV e
   19  | e . T_MULT e
   20  | e . T_LEQ e
   21  | e . T_LE e
   22  | e . T_GEQ e
   23  | e . T_GE e
   24  | e . T_OR e
   25  | e . T_AND e
   27  | e . T_EQ e
   31  | e . T_WHERE T_ID T_EQUAL e
   34  | e . T_PUSH e
   35  | e . e

    T_NUM   shift, and go to state 3
    T_ID    shift, and go to state 4
    T_MULT  shift, and go to state 43
    T_DIV   shift, and go to state 44
    '{'     shift, and go to state 17
    '('     shift, and go to state 18
    '['     shift, and go to state 19

    $default  reduce using rule 17 (e)

    e  go to state 55


State 71

    7 e: e . T_MINUS e
    7  | e T_MINUS e .
    9  | T_MINUS e .
   16  | e . T_PATH e
   17  | e . T_PLUS e
   18  | e . T_DIV e
   19  | e . T_MULT e
   20  | e . T_LEQ e
   21  | e . T_LE e
   22  | e . T_GEQ e
   23  | e . T_GE e
   24  | e . T_OR e
   25  | e . T_AND e
   27  | e . T_EQ e
   31  | e . T_WHERE T_ID T_EQUAL e
   34  | e . T_PUSH e
   35  | e . e

    T_NUM   shift, and go to state 3
    T_ID    shift, and go to state 4
    T_MULT  shift, and go to state 43
    T_DIV   shift, and go to state 44
    '{'     shift, and go to state 17
    '('     shift, and go to state 18
    '['     shift, and go to state 19

    FIN_EXPR  reduce using rule 7 (e)
    FIN_EXPR  [reduce using rule 9 (e)]
    T_PLUS    reduce using rule 7 (e)
    T_PLUS    [reduce using rule 9 (e)]
    T_MINUS   reduce using rule 7 (e)
    T_MINUS   [reduce using rule 9 (e)]
    T_LEQ     reduce using rule 7 (e)
    T_LEQ     [reduce using rule 9 (e)]
    T_LE      reduce using rule 7 (e)
    T_LE      [reduce using rule 9 (e)]
    T_GEQ     reduce using rule 7 (e)
    T_GEQ     [reduce using rule 9 (e)]
    T_GE      reduce using rule 7 (e)
    T_GE      [reduce using rule 9 (e)]
    T_EQ      reduce using rule 7 (e)
    T_EQ      [reduce using rule 9 (e)]
    T_OR      reduce using rule 7 (e)
    T_OR      [reduce using rule 9 (e)]
    T_AND     reduce using rule 7 (e)
    T_AND     [reduce using rule 9 (e)]
    T_NOT     reduce using rule 7 (e)
    T_NOT     [reduce using rule 9 (e)]
    T_IF      reduce using rule 7 (e)
    T_IF      [reduce using rule 9 (e)]
    T_ELSE    reduce using rule 7 (e)
    T_ELSE    [reduce using rule 9 (e)]
    T_THEN    reduce using rule 7 (e)
    T_THEN    [reduce using rule 9 (e)]
    T_FUN     reduce using rule 7 (e)
    T_FUN     [reduce using rule 9 (e)]
    T_LET     reduce using rule 7 (e)
    T_LET     [reduce using rule 9 (e)]
    T_IN      reduce using rule 7 (e)
    T_IN      [reduce using rule 9 (e)]
    T_WHERE   reduce using rule 7 (e)
    T_WHERE   [reduce using rule 9 (e)]
    T_NEXT    reduce using rule 7 (e)
    T_NEXT    [reduce using rule 9 (e)]
    T_POP     reduce using rule 7 (e)
    T_POP     [reduce using rule 9 (e)]
    T_PUSH    reduce using rule 7 (e)
    T_PUSH    [reduce using rule 9 (e)]
    T_PATH    reduce using rule 7 (e)
    T_PATH    [reduce using rule 9 (e)]
    T_CIRCLE  reduce using rule 7 (e)
    T_CIRCLE  [reduce using rule 9 (e)]
    T_BEZIER  reduce using rule 7 (e)
    T_BEZIER  [reduce using rule 9 (e)]
    T_TRANS   reduce using rule 7 (e)
    T_TRANS   [reduce using rule 9 (e)]
    ')'       reduce using rule 7 (e)
    ')'       [reduce using rule 9 (e)]
    ','       reduce using rule 7 (e)
    ','       [reduce using rule 9 (e)]
    '}'       reduce using rule 7 (e)
    '}'       [reduce using rule 9 (e)]
    ']'       reduce using rule 7 (e)
    ']'       [reduce using rule 9 (e)]
    $default  reduce using rule 7 (e)

    e  go to state 55


State 72

    7 e: e . T_MINUS e
   16  | e . T_PATH e
   17  | e . T_PLUS e
   18  | e . T_DIV e
   19  | e . T_MULT e
   19  | e T_MULT e .
   20  | e . T_LEQ e
   21  | e . T_LE e
   22  | e . T_GEQ e
   23  | e . T_GE e
   24  | e . T_OR e
   25  | e . T_AND e
   27  | e . T_EQ e
   31  | e . T_WHERE T_ID T_EQUAL e
   34  | e . T_PUSH e
   35  | e . e

    T_NUM  shift, and go to state 3
    T_ID   shift, and go to state 4
    '{'    shift, and go to state 17
    '('    shift, and go to state 18
    '['    shift, and go to state 19

    $default  reduce using rule 19 (e)

    e  go to state 55


State 73

    7 e: e . T_MINUS e
   16  | e . T_PATH e
   17  | e . T_PLUS e
   18  | e . T_DIV e
   18  | e T_DIV e .
   19  | e . T_MULT e
   20  | e . T_LEQ e
   21  | e . T_LE e
   22  | e . T_GEQ e
   23  | e . T_GE e
   24  | e . T_OR e
   25  | e . T_AND e
   27  | e . T_EQ e
   31  | e . T_WHERE T_ID T_EQUAL e
   34  | e . T_PUSH e
   35  | e . e

    T_NUM  shift, and go to state 3
    T_ID   shift, and go to state 4
    '{'    shift, and go to state 17
    '('    shift, and go to state 18
    '['    shift, and go to state 19

    $default  reduce using rule 18 (e)

    e  go to state 55


State 74

    7 e: e . T_MINUS e
   16  | e . T_PATH e
   17  | e . T_PLUS e
   18  | e . T_DIV e
   19  | e . T_MULT e
   20  | e . T_LEQ e
   20  | e T_LEQ e .
   21  | e . T_LE e
   22  | e . T_GEQ e
   23  | e . T_GE e
   24  | e . T_OR e
   25  | e . T_AND e
   27  | e . T_EQ e
   31  | e . T_WHERE T_ID T_EQUAL e
   34  | e . T_PUSH e
   35  | e . e

    T_NUM     shift, and go to state 3
    T_ID      shift, and go to state 4
    T_PLUS    shift, and go to state 41
    T_MINUS   shift, and go to state 42
    T_MULT    shift, and go to state 43
    T_DIV     shift, and go to state 44
    T_OR      shift, and go to state 50
    T_AND     shift, and go to state 51
    T_NOT     shift, and go to state 7
    T_NEXT    shift, and go to state 11
    T_POP     shift, and go to state 12
    T_PATH    shift, and go to state 54
    T_CIRCLE  shift, and go to state 13
    T_BEZIER  shift, and go to state 15
    '{'       shift, and go to state 17
    '('       shift, and go to state 18
    '['       shift, and go to state 19

    $default  reduce using rule 20 (e)

    e  go to state 55


State 75

    7 e: e . T_MINUS e
   16  | e . T_PATH e
   17  | e . T_PLUS e
   18  | e . T_DIV e
   19  | e . T_MULT e
   20  | e . T_LEQ e
   21  | e . T_LE e
   21  | e T_LE e .
   22  | e . T_GEQ e
   23  | e . T_GE e
   24  | e . T_OR e
   25  | e . T_AND e
   27  | e . T_EQ e
   31  | e . T_WHERE T_ID T_EQUAL e
   34  | e . T_PUSH e
   35  | e . e

    T_NUM     shift, and go to state 3
    T_ID      shift, and go to state 4
    T_PLUS    shift, and go to state 41
    T_MINUS   shift, and go to state 42
    T_MULT    shift, and go to state 43
    T_DIV     shift, and go to state 44
    T_OR      shift, and go to state 50
    T_AND     shift, and go to state 51
    T_NOT     shift, and go to state 7
    T_NEXT    shift, and go to state 11
    T_POP     shift, and go to state 12
    T_PATH    shift, and go to state 54
    T_CIRCLE  shift, and go to state 13
    T_BEZIER  shift, and go to state 15
    '{'       shift, and go to state 17
    '('       shift, and go to state 18
    '['       shift, and go to state 19

    $default  reduce using rule 21 (e)

    e  go to state 55


State 76

    7 e: e . T_MINUS e
   16  | e . T_PATH e
   17  | e . T_PLUS e
   18  | e . T_DIV e
   19  | e . T_MULT e
   20  | e . T_LEQ e
   21  | e . T_LE e
   22  | e . T_GEQ e
   22  | e T_GEQ e .
   23  | e . T_GE e
   24  | e . T_OR e
   25  | e . T_AND e
   27  | e . T_EQ e
   31  | e . T_WHERE T_ID T_EQUAL e
   34  | e . T_PUSH e
   35  | e . e

    T_NUM     shift, and go to state 3
    T_ID      shift, and go to state 4
    T_PLUS    shift, and go to state 41
    T_MINUS   shift, and go to state 42
    T_MULT    shift, and go to state 43
    T_DIV     shift, and go to state 44
    T_OR      shift, and go to state 50
    T_AND     shift, and go to state 51
    T_NOT     shift, and go to state 7
    T_NEXT    shift, and go to state 11
    T_POP     shift, and go to state 12
    T_PATH    shift, and go to state 54
    T_CIRCLE  shift, and go to state 13
    T_BEZIER  shift, and go to state 15
    '{'       shift, and go to state 17
    '('       shift, and go to state 18
    '['       shift, and go to state 19

    $default  reduce using rule 22 (e)

    e  go to state 55


State 77

    7 e: e . T_MINUS e
   16  | e . T_PATH e
   17  | e . T_PLUS e
   18  | e . T_DIV e
   19  | e . T_MULT e
   20  | e . T_LEQ e
   21  | e . T_LE e
   22  | e . T_GEQ e
   23  | e . T_GE e
   23  | e T_GE e .
   24  | e . T_OR e
   25  | e . T_AND e
   27  | e . T_EQ e
   31  | e . T_WHERE T_ID T_EQUAL e
   34  | e . T_PUSH e
   35  | e . e

    T_NUM     shift, and go to state 3
    T_ID      shift, and go to state 4
    T_PLUS    shift, and go to state 41
    T_MINUS   shift, and go to state 42
    T_MULT    shift, and go to state 43
    T_DIV     shift, and go to state 44
    T_OR      shift, and go to state 50
    T_AND     shift, and go to state 51
    T_NOT     shift, and go to state 7
    T_NEXT    shift, and go to state 11
    T_POP     shift, and go to state 12
    T_PATH    shift, and go to state 54
    T_CIRCLE  shift, and go to state 13
    T_BEZIER  shift, and go to state 15
    '{'       shift, and go to state 17
    '('       shift, and go to state 18
    '['       shift, and go to state 19

    $default  reduce using rule 23 (e)

    e  go to state 55


State 78

    7 e: e . T_MINUS e
   16  | e . T_PATH e
   17  | e . T_PLUS e
   18  | e . T_DIV e
   19  | e . T_MULT e
   20  | e . T_LEQ e
   21  | e . T_LE e
   22  | e . T_GEQ e
   23  | e . T_GE e
   24  | e . T_OR e
   25  | e . T_AND e
   27  | e . T_EQ e
   27  | e T_EQ e .
   31  | e . T_WHERE T_ID T_EQUAL e
   34  | e . T_PUSH e
   35  | e . e

    T_NUM     shift, and go to state 3
    T_ID      shift, and go to state 4
    T_PLUS    shift, and go to state 41
    T_MINUS   shift, and go to state 42
    T_MULT    shift, and go to state 43
    T_DIV     shift, and go to state 44
    T_OR      shift, and go to state 50
    T_AND     shift, and go to state 51
    T_NOT     shift, and go to state 7
    T_NEXT    shift, and go to state 11
    T_POP     shift, and go to state 12
    T_PATH    shift, and go to state 54
    T_CIRCLE  shift, and go to state 13
    T_BEZIER  shift, and go to state 15
    '{'       shift, and go to state 17
    '('       shift, and go to state 18
    '['       shift, and go to state 19

    $default  reduce using rule 27 (e)

    e  go to state 55


State 79

    7 e: e . T_MINUS e
   16  | e . T_PATH e
   17  | e . T_PLUS e
   18  | e . T_DIV e
   19  | e . T_MULT e
   20  | e . T_LEQ e
   21  | e . T_LE e
   22  | e . T_GEQ e
   23  | e . T_GE e
   24  | e . T_OR e
   24  | e T_OR e .
   25  | e . T_AND e
   27  | e . T_EQ e
   31  | e . T_WHERE T_ID T_EQUAL e
   34  | e . T_PUSH e
   35  | e . e

    T_NUM     shift, and go to state 3
    T_ID      shift, and go to state 4
    T_PLUS    shift, and go to state 41
    T_MINUS   shift, and go to state 42
    T_MULT    shift, and go to state 43
    T_DIV     shift, and go to state 44
    T_AND     shift, and go to state 51
    T_NOT     shift, and go to state 7
    T_NEXT    shift, and go to state 11
    T_POP     shift, and go to state 12
    T_PATH    shift, and go to state 54
    T_CIRCLE  shift, and go to state 13
    T_BEZIER  shift, and go to state 15
    '{'       shift, and go to state 17
    '('       shift, and go to state 18
    '['       shift, and go to state 19

    $default  reduce using rule 24 (e)

    e  go to state 55


State 80

    7 e: e . T_MINUS e
   16  | e . T_PATH e
   17  | e . T_PLUS e
   18  | e . T_DIV e
   19  | e . T_MULT e
   20  | e . T_LEQ e
   21  | e . T_LE e
   22  | e . T_GEQ e
   23  | e . T_GE e
   24  | e . T_OR e
   25  | e . T_AND e
   25  | e T_AND e .
   27  | e . T_EQ e
   31  | e . T_WHERE T_ID T_EQUAL e
   34  | e . T_PUSH e
   35  | e . e

    T_NUM    shift, and go to state 3
    T_ID     shift, and go to state 4
    T_PLUS   shift, and go to state 41
    T_MINUS  shift, and go to state 42
    T_MULT   shift, and go to state 43
    T_DIV    shift, and go to state 44
    T_NOT    shift, and go to state 7
    T_NEXT   shift, and go to state 11
    T_POP    shift, and go to state 12
    '{'      shift, and go to state 17
    '('      shift, and go to state 18
    '['      shift, and go to state 19

    $default  reduce using rule 25 (e)

    e  go to state 55


State 81

   31 e: e T_WHERE T_ID . T_EQUAL e

    T_EQUAL  shift, and go to state 95


State 82

    7 e: e . T_MINUS e
   16  | e . T_PATH e
   17  | e . T_PLUS e
   18  | e . T_DIV e
   19  | e . T_MULT e
   20  | e . T_LEQ e
   21  | e . T_LE e
   22  | e . T_GEQ e
   23  | e . T_GE e
   24  | e . T_OR e
   25  | e . T_AND e
   27  | e . T_EQ e
   31  | e . T_WHERE T_ID T_EQUAL e
   34  | e . T_PUSH e
   34  | e T_PUSH e .
   35  | e . e

    T_NUM     shift, and go to state 3
    T_ID      shift, and go to state 4
    T_PLUS    shift, and go to state 41
    T_MINUS   shift, and go to state 42
    T_MULT    shift, and go to state 43
    T_DIV     shift, and go to state 44
    T_OR      shift, and go to state 50
    T_AND     shift, and go to state 51
    T_NOT     shift, and go to state 7
    T_NEXT    shift, and go to state 11
    T_POP     shift, and go to state 12
    T_PATH    shift, and go to state 54
    T_CIRCLE  shift, and go to state 13
    T_BEZIER  shift, and go to state 15
    '{'       shift, and go to state 17
    '('       shift, and go to state 18
    '['       shift, and go to state 19

    $default  reduce using rule 34 (e)

    e  go to state 55


State 83

    7 e: e . T_MINUS e
   16  | e . T_PATH e
   16  | e T_PATH e .
   17  | e . T_PLUS e
   18  | e . T_DIV e
   19  | e . T_MULT e
   20  | e . T_LEQ e
   21  | e . T_LE e
   22  | e . T_GEQ e
   23  | e . T_GE e
   24  | e . T_OR e
   25  | e . T_AND e
   27  | e . T_EQ e
   31  | e . T_WHERE T_ID T_EQUAL e
   34  | e . T_PUSH e
   35  | e . e

    T_NUM    shift, and go to state 3
    T_ID     shift, and go to state 4
    T_PLUS   shift, and go to state 41
    T_MINUS  shift, and go to state 42
    T_MULT   shift, and go to state 43
    T_DIV    shift, and go to state 44
    T_NOT    shift, and go to state 7
    T_NEXT   shift, and go to state 11
    T_POP    shift, and go to state 12
    '{'      shift, and go to state 17
    '('      shift, and go to state 18
    '['      shift, and go to state 19

    $default  reduce using rule 16 (e)

    e  go to state 55


State 84

   30 e: T_LET T_ID T_EQUAL . e T_IN e

    T_NUM     shift, and go to state 3
    T_ID      shift, and go to state 4
    T_MINUS   shift, and go to state 6
    T_NOT     shift, and go to state 7
    T_IF      shift, and go to state 8
    T_FUN     shift, and go to state 9
    T_LET     shift, and go to state 23
    T_NEXT    shift, and go to state 11
    T_POP     shift, and go to state 12
    T_CIRCLE  shift, and go to state 13
    T_BEZIER  shift, and go to state 15
    T_TRANS   shift, and go to state 16
    '{'       shift, and go to state 17
    '('       shift, and go to state 18
    '['       shift, and go to state 19

    e  go to state 96


State 85

    7 e: e . T_MINUS e
   16  | e . T_PATH e
   17  | e . T_PLUS e
   18  | e . T_DIV e
   19  | e . T_MULT e
   20  | e . T_LEQ e
   21  | e . T_LE e
   22  | e . T_GEQ e
   23  | e . T_GE e
   24  | e . T_OR e
   25  | e . T_AND e
   27  | e . T_EQ e
   31  | e . T_WHERE T_ID T_EQUAL e
   32  | T_IF e T_THEN e . T_ELSE e
   34  | e . T_PUSH e
   35  | e . e

    T_NUM     shift, and go to state 3
    T_ID      shift, and go to state 4
    T_PLUS    shift, and go to state 41
    T_MINUS   shift, and go to state 42
    T_MULT    shift, and go to state 43
    T_DIV     shift, and go to state 44
    T_LEQ     shift, and go to state 45
    T_LE      shift, and go to state 46
    T_GEQ     shift, and go to state 47
    T_GE      shift, and go to state 48
    T_EQ      shift, and go to state 49
    T_OR      shift, and go to state 50
    T_AND     shift, and go to state 51
    T_NOT     shift, and go to state 7
    T_IF      shift, and go to state 8
    T_ELSE    shift, and go to state 97
    T_FUN     shift, and go to state 9
    T_LET     shift, and go to state 23
    T_WHERE   shift, and go to state 52
    T_NEXT    shift, and go to state 11
    T_POP     shift, and go to state 12
    T_PUSH    shift, and go to state 53
    T_PATH    shift, and go to state 54
    T_CIRCLE  shift, and go to state 13
    T_BEZIER  shift, and go to state 15
    T_TRANS   shift, and go to state 16
    '{'       shift, and go to state 17
    '('       shift, and go to state 18
    '['       shift, and go to state 19

    e  go to state 55


State 86

   38 arg_list: T_ID arg_list .

    $default  reduce using rule 38 (arg_list)


State 87

    7 e: e . T_MINUS e
   16  | e . T_PATH e
   17  | e . T_PLUS e
   18  | e . T_DIV e
   19  | e . T_MULT e
   20  | e . T_LEQ e
   21  | e . T_LE e
   22  | e . T_GEQ e
   23  | e . T_GE e
   24  | e . T_OR e
   25  | e . T_AND e
   27  | e . T_EQ e
   31  | e . T_WHERE T_ID T_EQUAL e
   34  | e . T_PUSH e
   35  | e . e
   37 arg_list: T_ARROW e .

    T_NUM     shift, and go to state 3
    T_ID      shift, and go to state 4
    T_PLUS    shift, and go to state 41
    T_MINUS   shift, and go to state 42
    T_MULT    shift, and go to state 43
    T_DIV     shift, and go to state 44
    T_LEQ     shift, and go to state 45
    T_LE      shift, and go to state 46
    T_GEQ     shift, and go to state 47
    T_GE      shift, and go to state 48
    T_EQ      shift, and go to state 49
    T_OR      shift, and go to state 50
    T_AND     shift, and go to state 51
    T_NOT     shift, and go to state 7
    T_NEXT    shift, and go to state 11
    T_POP     shift, and go to state 12
    T_PUSH    shift, and go to state 53
    T_PATH    shift, and go to state 54
    T_CIRCLE  shift, and go to state 13
    T_BEZIER  shift, and go to state 15
    T_TRANS   shift, and go to state 16
    '{'       shift, and go to state 17
    '('       shift, and go to state 18
    '['       shift, and go to state 19

    T_IF     error (nonassociative)
    T_FUN    error (nonassociative)
    T_LET    error (nonassociative)
    T_WHERE  error (nonassociative)

    $default  reduce using rule 37 (arg_list)

    e  go to state 55


State 88

    6 en: T_LET T_ID T_EQUAL e .
    7 e: e . T_MINUS e
   16  | e . T_PATH e
   17  | e . T_PLUS e
   18  | e . T_DIV e
   19  | e . T_MULT e
   20  | e . T_LEQ e
   21  | e . T_LE e
   22  | e . T_GEQ e
   23  | e . T_GE e
   24  | e . T_OR e
   25  | e . T_AND e
   27  | e . T_EQ e
   30  | T_LET T_ID T_EQUAL e . T_IN e
   31  | e . T_WHERE T_ID T_EQUAL e
   34  | e . T_PUSH e
   35  | e . e

    T_NUM     shift, and go to state 3
    T_ID      shift, and go to state 4
    T_PLUS    shift, and go to state 41
    T_MINUS   shift, and go to state 42
    T_MULT    shift, and go to state 43
    T_DIV     shift, and go to state 44
    T_LEQ     shift, and go to state 45
    T_LE      shift, and go to state 46
    T_GEQ     shift, and go to state 47
    T_GE      shift, and go to state 48
    T_EQ      shift, and go to state 49
    T_OR      shift, and go to state 50
    T_AND     shift, and go to state 51
    T_NOT     shift, and go to state 7
    T_IF      shift, and go to state 8
    T_FUN     shift, and go to state 9
    T_LET     shift, and go to state 23
    T_IN      shift, and go to state 98
    T_WHERE   shift, and go to state 52
    T_NEXT    shift, and go to state 11
    T_POP     shift, and go to state 12
    T_PUSH    shift, and go to state 53
    T_PATH    shift, and go to state 54
    T_CIRCLE  shift, and go to state 13
    T_BEZIER  shift, and go to state 15
    T_TRANS   shift, and go to state 16
    '{'       shift, and go to state 17
    '('       shift, and go to state 18
    '['       shift, and go to state 19

    $default  reduce using rule 6 (en)

    e  go to state 55


State 89

   14 e: T_CIRCLE '(' e ',' . e ')'

    T_NUM     shift, and go to state 3
    T_ID      shift, and go to state 4
    T_MINUS   shift, and go to state 6
    T_NOT     shift, and go to state 7
    T_IF      shift, and go to state 8
    T_FUN     shift, and go to state 9
    T_LET     shift, and go to state 23
    T_NEXT    shift, and go to state 11
    T_POP     shift, and go to state 12
    T_CIRCLE  shift, and go to state 13
    T_BEZIER  shift, and go to state 15
    T_TRANS   shift, and go to state 16
    '{'       shift, and go to state 17
    '('       shift, and go to state 18
    '['       shift, and go to state 19

    e  go to state 99


State 90

    4 s: s T_DRAW '(' e ')' . FIN_EXPR

    FIN_EXPR  shift, and go to state 100


State 91

   13 e: T_BEZIER '(' e ',' . e ',' e ',' e ')'

    T_NUM     shift, and go to state 3
    T_ID      shift, and go to state 4
    T_MINUS   shift, and go to state 6
    T_NOT     shift, and go to state 7
    T_IF      shift, and go to state 8
    T_FUN     shift, and go to state 9
    T_LET     shift, and go to state 23
    T_NEXT    shift, and go to state 11
    T_POP     shift, and go to state 12
    T_CIRCLE  shift, and go to state 13
    T_BEZIER  shift, and go to state 15
    T_TRANS   shift, and go to state 16
    '{'       shift, and go to state 17
    '('       shift, and go to state 18
    '['       shift, and go to state 19

    e  go to state 101


State 92

   15 e: T_TRANS '(' e ',' . e ')'

    T_NUM     shift, and go to state 3
    T_ID      shift, and go to state 4
    T_MINUS   shift, and go to state 6
    T_NOT     shift, and go to state 7
    T_IF      shift, and go to state 8
    T_FUN     shift, and go to state 9
    T_LET     shift, and go to state 23
    T_NEXT    shift, and go to state 11
    T_POP     shift, and go to state 12
    T_CIRCLE  shift, and go to state 13
    T_BEZIER  shift, and go to state 15
    T_TRANS   shift, and go to state 16
    '{'       shift, and go to state 17
    '('       shift, and go to state 18
    '['       shift, and go to state 19

    e  go to state 102


State 93

    7 e: e . T_MINUS e
   12  | '{' e ',' e . '}'
   16  | e . T_PATH e
   17  | e . T_PLUS e
   18  | e . T_DIV e
   19  | e . T_MULT e
   20  | e . T_LEQ e
   21  | e . T_LE e
   22  | e . T_GEQ e
   23  | e . T_GE e
   24  | e . T_OR e
   25  | e . T_AND e
   27  | e . T_EQ e
   31  | e . T_WHERE T_ID T_EQUAL e
   34  | e . T_PUSH e
   35  | e . e

    T_NUM     shift, and go to state 3
    T_ID      shift, and go to state 4
    T_PLUS    shift, and go to state 41
    T_MINUS   shift, and go to state 42
    T_MULT    shift, and go to state 43
    T_DIV     shift, and go to state 44
    T_LEQ     shift, and go to state 45
    T_LE      shift, and go to state 46
    T_GEQ     shift, and go to state 47
    T_GE      shift, and go to state 48
    T_EQ      shift, and go to state 49
    T_OR      shift, and go to state 50
    T_AND     shift, and go to state 51
    T_NOT     shift, and go to state 7
    T_IF      shift, and go to state 8
    T_FUN     shift, and go to state 9
    T_LET     shift, and go to state 23
    T_WHERE   shift, and go to state 52
    T_NEXT    shift, and go to state 11
    T_POP     shift, and go to state 12
    T_PUSH    shift, and go to state 53
    T_PATH    shift, and go to state 54
    T_CIRCLE  shift, and go to state 13
    T_BEZIER  shift, and go to state 15
    T_TRANS   shift, and go to state 16
    '{'       shift, and go to state 17
    '('       shift, and go to state 18
    '['       shift, and go to state 19
    '}'       shift, and go to state 103

    e  go to state 55


State 94

   40 list: e ',' list .

    $default  reduce using rule 40 (list)


State 95

   31 e: e T_WHERE T_ID T_EQUAL . e

    T_NUM     shift, and go to state 3
    T_ID      shift, and go to state 4
    T_MINUS   shift, and go to state 6
    T_NOT     shift, and go to state 7
    T_IF      shift, and go to state 8
    T_FUN     shift, and go to state 9
    T_LET     shift, and go to state 23
    T_NEXT    shift, and go to state 11
    T_POP     shift, and go to state 12
    T_CIRCLE  shift, and go to state 13
    T_BEZIER  shift, and go to state 15
    T_TRANS   shift, and go to state 16
    '{'       shift, and go to state 17
    '('       shift, and go to state 18
    '['       shift, and go to state 19

    e  go to state 104


State 96

    7 e: e . T_MINUS e
   16  | e . T_PATH e
   17  | e . T_PLUS e
   18  | e . T_DIV e
   19  | e . T_MULT e
   20  | e . T_LEQ e
   21  | e . T_LE e
   22  | e . T_GEQ e
   23  | e . T_GE e
   24  | e . T_OR e
   25  | e . T_AND e
   27  | e . T_EQ e
   30  | T_LET T_ID T_EQUAL e . T_IN e
   31  | e . T_WHERE T_ID T_EQUAL e
   34  | e . T_PUSH e
   35  | e . e

    T_NUM     shift, and go to state 3
    T_ID      shift, and go to state 4
    T_PLUS    shift, and go to state 41
    T_MINUS   shift, and go to state 42
    T_MULT    shift, and go to state 43
    T_DIV     shift, and go to state 44
    T_LEQ     shift, and go to state 45
    T_LE      shift, and go to state 46
    T_GEQ     shift, and go to state 47
    T_GE      shift, and go to state 48
    T_EQ      shift, and go to state 49
    T_OR      shift, and go to state 50
    T_AND     shift, and go to state 51
    T_NOT     shift, and go to state 7
    T_IF      shift, and go to state 8
    T_FUN     shift, and go to state 9
    T_LET     shift, and go to state 23
    T_IN      shift, and go to state 98
    T_WHERE   shift, and go to state 52
    T_NEXT    shift, and go to state 11
    T_POP     shift, and go to state 12
    T_PUSH    shift, and go to state 53
    T_PATH    shift, and go to state 54
    T_CIRCLE  shift, and go to state 13
    T_BEZIER  shift, and go to state 15
    T_TRANS   shift, and go to state 16
    '{'       shift, and go to state 17
    '('       shift, and go to state 18
    '['       shift, and go to state 19

    e  go to state 55


State 97

   32 e: T_IF e T_THEN e T_ELSE . e

    T_NUM     shift, and go to state 3
    T_ID      shift, and go to state 4
    T_MINUS   shift, and go to state 6
    T_NOT     shift, and go to state 7
    T_IF      shift, and go to state 8
    T_FUN     shift, and go to state 9
    T_LET     shift, and go to state 23
    T_NEXT    shift, and go to state 11
    T_POP     shift, and go to state 12
    T_CIRCLE  shift, and go to state 13
    T_BEZIER  shift, and go to state 15
    T_TRANS   shift, and go to state 16
    '{'       shift, and go to state 17
    '('       shift, and go to state 18
    '['       shift, and go to state 19

    e  go to state 105


State 98

   30 e: T_LET T_ID T_EQUAL e T_IN . e

    T_NUM     shift, and go to state 3
    T_ID      shift, and go to state 4
    T_MINUS   shift, and go to state 6
    T_NOT     shift, and go to state 7
    T_IF      shift, and go to state 8
    T_FUN     shift, and go to state 9
    T_LET     shift, and go to state 23
    T_NEXT    shift, and go to state 11
    T_POP     shift, and go to state 12
    T_CIRCLE  shift, and go to state 13
    T_BEZIER  shift, and go to state 15
    T_TRANS   shift, and go to state 16
    '{'       shift, and go to state 17
    '('       shift, and go to state 18
    '['       shift, and go to state 19

    e  go to state 106


State 99

    7 e: e . T_MINUS e
   14  | T_CIRCLE '(' e ',' e . ')'
   16  | e . T_PATH e
   17  | e . T_PLUS e
   18  | e . T_DIV e
   19  | e . T_MULT e
   20  | e . T_LEQ e
   21  | e . T_LE e
   22  | e . T_GEQ e
   23  | e . T_GE e
   24  | e . T_OR e
   25  | e . T_AND e
   27  | e . T_EQ e
   31  | e . T_WHERE T_ID T_EQUAL e
   34  | e . T_PUSH e
   35  | e . e

    T_NUM     shift, and go to state 3
    T_ID      shift, and go to state 4
    T_PLUS    shift, and go to state 41
    T_MINUS   shift, and go to state 42
    T_MULT    shift, and go to state 43
    T_DIV     shift, and go to state 44
    T_LEQ     shift, and go to state 45
    T_LE      shift, and go to state 46
    T_GEQ     shift, and go to state 47
    T_GE      shift, and go to state 48
    T_EQ      shift, and go to state 49
    T_OR      shift, and go to state 50
    T_AND     shift, and go to state 51
    T_NOT     shift, and go to state 7
    T_IF      shift, and go to state 8
    T_FUN     shift, and go to state 9
    T_LET     shift, and go to state 23
    T_WHERE   shift, and go to state 52
    T_NEXT    shift, and go to state 11
    T_POP     shift, and go to state 12
    T_PUSH    shift, and go to state 53
    T_PATH    shift, and go to state 54
    T_CIRCLE  shift, and go to state 13
    T_BEZIER  shift, and go to state 15
    T_TRANS   shift, and go to state 16
    '{'       shift, and go to state 17
    '('       shift, and go to state 18
    '['       shift, and go to state 19
    ')'       shift, and go to state 107

    e  go to state 55


State 100

    4 s: s T_DRAW '(' e ')' FIN_EXPR .

    $default  reduce using rule 4 (s)


State 101

    7 e: e . T_MINUS e
   13  | T_BEZIER '(' e ',' e . ',' e ',' e ')'
   16  | e . T_PATH e
   17  | e . T_PLUS e
   18  | e . T_DIV e
   19  | e . T_MULT e
   20  | e . T_LEQ e
   21  | e . T_LE e
   22  | e . T_GEQ e
   23  | e . T_GE e
   24  | e . T_OR e
   25  | e . T_AND e
   27  | e . T_EQ e
   31  | e . T_WHERE T_ID T_EQUAL e
   34  | e . T_PUSH e
   35  | e . e

    T_NUM     shift, and go to state 3
    T_ID      shift, and go to state 4
    T_PLUS    shift, and go to state 41
    T_MINUS   shift, and go to state 42
    T_MULT    shift, and go to state 43
    T_DIV     shift, and go to state 44
    T_LEQ     shift, and go to state 45
    T_LE      shift, and go to state 46
    T_GEQ     shift, and go to state 47
    T_GE      shift, and go to state 48
    T_EQ      shift, and go to state 49
    T_OR      shift, and go to state 50
    T_AND     shift, and go to state 51
    T_NOT     shift, and go to state 7
    T_IF      shift, and go to state 8
    T_FUN     shift, and go to state 9
    T_LET     shift, and go to state 23
    T_WHERE   shift, and go to state 52
    T_NEXT    shift, and go to state 11
    T_POP     shift, and go to state 12
    T_PUSH    shift, and go to state 53
    T_PATH    shift, and go to state 54
    T_CIRCLE  shift, and go to state 13
    T_BEZIER  shift, and go to state 15
    T_TRANS   shift, and go to state 16
    '{'       shift, and go to state 17
    '('       shift, and go to state 18
    '['       shift, and go to state 19
    ','       shift, and go to state 108

    e  go to state 55


State 102

    7 e: e . T_MINUS e
   15  | T_TRANS '(' e ',' e . ')'
   16  | e . T_PATH e
   17  | e . T_PLUS e
   18  | e . T_DIV e
   19  | e . T_MULT e
   20  | e . T_LEQ e
   21  | e . T_LE e
   22  | e . T_GEQ e
   23  | e . T_GE e
   24  | e . T_OR e
   25  | e . T_AND e
   27  | e . T_EQ e
   31  | e . T_WHERE T_ID T_EQUAL e
   34  | e . T_PUSH e
   35  | e . e

    T_NUM     shift, and go to state 3
    T_ID      shift, and go to state 4
    T_PLUS    shift, and go to state 41
    T_MINUS   shift, and go to state 42
    T_MULT    shift, and go to state 43
    T_DIV     shift, and go to state 44
    T_LEQ     shift, and go to state 45
    T_LE      shift, and go to state 46
    T_GEQ     shift, and go to state 47
    T_GE      shift, and go to state 48
    T_EQ      shift, and go to state 49
    T_OR      shift, and go to state 50
    T_AND     shift, and go to state 51
    T_NOT     shift, and go to state 7
    T_IF      shift, and go to state 8
    T_FUN     shift, and go to state 9
    T_LET     shift, and go to state 23
    T_WHERE   shift, and go to state 52
    T_NEXT    shift, and go to state 11
    T_POP     shift, and go to state 12
    T_PUSH    shift, and go to state 53
    T_PATH    shift, and go to state 54
    T_CIRCLE  shift, and go to state 13
    T_BEZIER  shift, and go to state 15
    T_TRANS   shift, and go to state 16
    '{'       shift, and go to state 17
    '('       shift, and go to state 18
    '['       shift, and go to state 19
    ')'       shift, and go to state 109

    e  go to state 55


State 103

   12 e: '{' e ',' e '}' .

    $default  reduce using rule 12 (e)


State 104

    7 e: e . T_MINUS e
   16  | e . T_PATH e
   17  | e . T_PLUS e
   18  | e . T_DIV e
   19  | e . T_MULT e
   20  | e . T_LEQ e
   21  | e . T_LE e
   22  | e . T_GEQ e
   23  | e . T_GE e
   24  | e . T_OR e
   25  | e . T_AND e
   27  | e . T_EQ e
   31  | e . T_WHERE T_ID T_EQUAL e
   31  | e T_WHERE T_ID T_EQUAL e .
   34  | e . T_PUSH e
   35  | e . e

    T_NUM     shift, and go to state 3
    T_ID      shift, and go to state 4
    T_PLUS    shift, and go to state 41
    T_MINUS   shift, and go to state 42
    T_MULT    shift, and go to state 43
    T_DIV     shift, and go to state 44
    T_LEQ     shift, and go to state 45
    T_LE      shift, and go to state 46
    T_GEQ     shift, and go to state 47
    T_GE      shift, and go to state 48
    T_EQ      shift, and go to state 49
    T_OR      shift, and go to state 50
    T_AND     shift, and go to state 51
    T_NOT     shift, and go to state 7
    T_NEXT    shift, and go to state 11
    T_POP     shift, and go to state 12
    T_PUSH    shift, and go to state 53
    T_PATH    shift, and go to state 54
    T_CIRCLE  shift, and go to state 13
    T_BEZIER  shift, and go to state 15
    T_TRANS   shift, and go to state 16
    '{'       shift, and go to state 17
    '('       shift, and go to state 18
    '['       shift, and go to state 19

    T_IF     error (nonassociative)
    T_FUN    error (nonassociative)
    T_LET    error (nonassociative)
    T_WHERE  error (nonassociative)

    $default  reduce using rule 31 (e)

    e  go to state 55


State 105

    7 e: e . T_MINUS e
   16  | e . T_PATH e
   17  | e . T_PLUS e
   18  | e . T_DIV e
   19  | e . T_MULT e
   20  | e . T_LEQ e
   21  | e . T_LE e
   22  | e . T_GEQ e
   23  | e . T_GE e
   24  | e . T_OR e
   25  | e . T_AND e
   27  | e . T_EQ e
   31  | e . T_WHERE T_ID T_EQUAL e
   32  | T_IF e T_THEN e T_ELSE e .
   34  | e . T_PUSH e
   35  | e . e

    T_NUM     shift, and go to state 3
    T_ID      shift, and go to state 4
    T_PLUS    shift, and go to state 41
    T_MINUS   shift, and go to state 42
    T_MULT    shift, and go to state 43
    T_DIV     shift, and go to state 44
    T_LEQ     shift, and go to state 45
    T_LE      shift, and go to state 46
    T_GEQ     shift, and go to state 47
    T_GE      shift, and go to state 48
    T_EQ      shift, and go to state 49
    T_OR      shift, and go to state 50
    T_AND     shift, and go to state 51
    T_NOT     shift, and go to state 7
    T_NEXT    shift, and go to state 11
    T_POP     shift, and go to state 12
    T_PUSH    shift, and go to state 53
    T_PATH    shift, and go to state 54
    T_CIRCLE  shift, and go to state 13
    T_BEZIER  shift, and go to state 15
    T_TRANS   shift, and go to state 16
    '{'       shift, and go to state 17
    '('       shift, and go to state 18
    '['       shift, and go to state 19

    T_IF     error (nonassociative)
    T_FUN    error (nonassociative)
    T_LET    error (nonassociative)
    T_WHERE  error (nonassociative)

    $default  reduce using rule 32 (e)

    e  go to state 55


State 106

    7 e: e . T_MINUS e
   16  | e . T_PATH e
   17  | e . T_PLUS e
   18  | e . T_DIV e
   19  | e . T_MULT e
   20  | e . T_LEQ e
   21  | e . T_LE e
   22  | e . T_GEQ e
   23  | e . T_GE e
   24  | e . T_OR e
   25  | e . T_AND e
   27  | e . T_EQ e
   30  | T_LET T_ID T_EQUAL e T_IN e .
   31  | e . T_WHERE T_ID T_EQUAL e
   34  | e . T_PUSH e
   35  | e . e

    T_NUM     shift, and go to state 3
    T_ID      shift, and go to state 4
    T_PLUS    shift, and go to state 41
    T_MINUS   shift, and go to state 42
    T_MULT    shift, and go to state 43
    T_DIV     shift, and go to state 44
    T_LEQ     shift, and go to state 45
    T_LE      shift, and go to state 46
    T_GEQ     shift, and go to state 47
    T_GE      shift, and go to state 48
    T_EQ      shift, and go to state 49
    T_OR      shift, and go to state 50
    T_AND     shift, and go to state 51
    T_NOT     shift, and go to state 7
    T_NEXT    shift, and go to state 11
    T_POP     shift, and go to state 12
    T_PUSH    shift, and go to state 53
    T_PATH    shift, and go to state 54
    T_CIRCLE  shift, and go to state 13
    T_BEZIER  shift, and go to state 15
    T_TRANS   shift, and go to state 16
    '{'       shift, and go to state 17
    '('       shift, and go to state 18
    '['       shift, and go to state 19

    T_IF     error (nonassociative)
    T_FUN    error (nonassociative)
    T_LET    error (nonassociative)
    T_WHERE  error (nonassociative)

    $default  reduce using rule 30 (e)

    e  go to state 55


State 107

   14 e: T_CIRCLE '(' e ',' e ')' .

    $default  reduce using rule 14 (e)


State 108

   13 e: T_BEZIER '(' e ',' e ',' . e ',' e ')'

    T_NUM     shift, and go to state 3
    T_ID      shift, and go to state 4
    T_MINUS   shift, and go to state 6
    T_NOT     shift, and go to state 7
    T_IF      shift, and go to state 8
    T_FUN     shift, and go to state 9
    T_LET     shift, and go to state 23
    T_NEXT    shift, and go to state 11
    T_POP     shift, and go to state 12
    T_CIRCLE  shift, and go to state 13
    T_BEZIER  shift, and go to state 15
    T_TRANS   shift, and go to state 16
    '{'       shift, and go to state 17
    '('       shift, and go to state 18
    '['       shift, and go to state 19

    e  go to state 110


State 109

   15 e: T_TRANS '(' e ',' e ')' .

    $default  reduce using rule 15 (e)


State 110

    7 e: e . T_MINUS e
   13  | T_BEZIER '(' e ',' e ',' e . ',' e ')'
   16  | e . T_PATH e
   17  | e . T_PLUS e
   18  | e . T_DIV e
   19  | e . T_MULT e
   20  | e . T_LEQ e
   21  | e . T_LE e
   22  | e . T_GEQ e
   23  | e . T_GE e
   24  | e . T_OR e
   25  | e . T_AND e
   27  | e . T_EQ e
   31  | e . T_WHERE T_ID T_EQUAL e
   34  | e . T_PUSH e
   35  | e . e

    T_NUM     shift, and go to state 3
    T_ID      shift, and go to state 4
    T_PLUS    shift, and go to state 41
    T_MINUS   shift, and go to state 42
    T_MULT    shift, and go to state 43
    T_DIV     shift, and go to state 44
    T_LEQ     shift, and go to state 45
    T_LE      shift, and go to state 46
    T_GEQ     shift, and go to state 47
    T_GE      shift, and go to state 48
    T_EQ      shift, and go to state 49
    T_OR      shift, and go to state 50
    T_AND     shift, and go to state 51
    T_NOT     shift, and go to state 7
    T_IF      shift, and go to state 8
    T_FUN     shift, and go to state 9
    T_LET     shift, and go to state 23
    T_WHERE   shift, and go to state 52
    T_NEXT    shift, and go to state 11
    T_POP     shift, and go to state 12
    T_PUSH    shift, and go to state 53
    T_PATH    shift, and go to state 54
    T_CIRCLE  shift, and go to state 13
    T_BEZIER  shift, and go to state 15
    T_TRANS   shift, and go to state 16
    '{'       shift, and go to state 17
    '('       shift, and go to state 18
    '['       shift, and go to state 19
    ','       shift, and go to state 111

    e  go to state 55


State 111

   13 e: T_BEZIER '(' e ',' e ',' e ',' . e ')'

    T_NUM     shift, and go to state 3
    T_ID      shift, and go to state 4
    T_MINUS   shift, and go to state 6
    T_NOT     shift, and go to state 7
    T_IF      shift, and go to state 8
    T_FUN     shift, and go to state 9
    T_LET     shift, and go to state 23
    T_NEXT    shift, and go to state 11
    T_POP     shift, and go to state 12
    T_CIRCLE  shift, and go to state 13
    T_BEZIER  shift, and go to state 15
    T_TRANS   shift, and go to state 16
    '{'       shift, and go to state 17
    '('       shift, and go to state 18
    '['       shift, and go to state 19

    e  go to state 112


State 112

    7 e: e . T_MINUS e
   13  | T_BEZIER '(' e ',' e ',' e ',' e . ')'
   16  | e . T_PATH e
   17  | e . T_PLUS e
   18  | e . T_DIV e
   19  | e . T_MULT e
   20  | e . T_LEQ e
   21  | e . T_LE e
   22  | e . T_GEQ e
   23  | e . T_GE e
   24  | e . T_OR e
   25  | e . T_AND e
   27  | e . T_EQ e
   31  | e . T_WHERE T_ID T_EQUAL e
   34  | e . T_PUSH e
   35  | e . e

    T_NUM     shift, and go to state 3
    T_ID      shift, and go to state 4
    T_PLUS    shift, and go to state 41
    T_MINUS   shift, and go to state 42
    T_MULT    shift, and go to state 43
    T_DIV     shift, and go to state 44
    T_LEQ     shift, and go to state 45
    T_LE      shift, and go to state 46
    T_GEQ     shift, and go to state 47
    T_GE      shift, and go to state 48
    T_EQ      shift, and go to state 49
    T_OR      shift, and go to state 50
    T_AND     shift, and go to state 51
    T_NOT     shift, and go to state 7
    T_IF      shift, and go to state 8
    T_FUN     shift, and go to state 9
    T_LET     shift, and go to state 23
    T_WHERE   shift, and go to state 52
    T_NEXT    shift, and go to state 11
    T_POP     shift, and go to state 12
    T_PUSH    shift, and go to state 53
    T_PATH    shift, and go to state 54
    T_CIRCLE  shift, and go to state 13
    T_BEZIER  shift, and go to state 15
    T_TRANS   shift, and go to state 16
    '{'       shift, and go to state 17
    '('       shift, and go to state 18
    '['       shift, and go to state 19
    ')'       shift, and go to state 113

    e  go to state 55


State 113

   13 e: T_BEZIER '(' e ',' e ',' e ',' e ')' .

    $default  reduce using rule 13 (e)
